15:03:44 **** Incremental Build of configuration Debug for project Test_PWM_Generation ****
make -j4 all 
arm-none-eabi-gcc "../Core/Src/main.c" -mcpu=cortex-m4 -std=gnu11 -g3 -DDEBUG -DUSE_HAL_DRIVER -DSTM32F411xE -c -I../Core/Inc -I../Drivers/STM32F4xx_HAL_Driver/Inc -I../Drivers/STM32F4xx_HAL_Driver/Inc/Legacy -I../Drivers/CMSIS/Device/ST/STM32F4xx/Include -I../Drivers/CMSIS/Include -O0 -ffunction-sections -fdata-sections -Wall -fstack-usage -fcyclomatic-complexity -MMD -MP -MF"Core/Src/main.d" -MT"Core/Src/main.o" --specs=nano.specs -mfpu=fpv4-sp-d16 -mfloat-abi=hard -mthumb -o "Core/Src/main.o"
../Core/Src/main.c: In function 'main':
../Core/Src/main.c:124:11: warning: implicit declaration of function 'sprintf' [-Wimplicit-function-declaration]
  124 |           sprintf(UART1_txBuffer,"Hello World!\n\r", CH1_DC);
      |           ^~~~~~~
../Core/Src/main.c:21:1: note: include '<stdio.h>' or provide a declaration of 'sprintf'
   20 | #include "main.h"
  +++ |+#include <stdio.h>
   21 | 
../Core/Src/main.c:124:11: warning: incompatible implicit declaration of built-in function 'sprintf' [-Wbuiltin-declaration-mismatch]
  124 |           sprintf(UART1_txBuffer,"Hello World!\n\r", CH1_DC);
      |           ^~~~~~~
../Core/Src/main.c:124:11: note: include '<stdio.h>' or provide a declaration of 'sprintf'
../Core/Src/main.c:124:19: warning: pointer targets in passing argument 1 of 'sprintf' differ in signedness [-Wpointer-sign]
  124 |           sprintf(UART1_txBuffer,"Hello World!\n\r", CH1_DC);
      |                   ^~~~~~~~~~~~~~
      |                   |
      |                   uint8_t * {aka unsigned char *}
../Core/Src/main.c:124:19: note: expected 'char *' but argument is of type 'uint8_t *' {aka 'unsigned char *'}
../Core/Src/main.c:124:34: warning: too many arguments for format [-Wformat-extra-args]
  124 |           sprintf(UART1_txBuffer,"Hello World!\n\r", CH1_DC);
      |                                  ^~~~~~~~~~~~~~~~~~
../Core/Src/main.c:124:47: warning: 'Hello World!

' directive writing 14 bytes into a region of size 12 [-Wformat-overflow=]
  124 |           sprintf(UART1_txBuffer,"Hello World!\n\r", CH1_DC);
      |                                   ~~~~~~~~~~~~^~~~
../Core/Src/main.c:124:11: note: 'sprintf' output 15 bytes into a destination of size 12
  124 |           sprintf(UART1_txBuffer,"Hello World!\n\r", CH1_DC);
      |           ^~~~~~~~~~~~~~~~~~~~~~~~~~~~~~~~~~~~~~~~~~~~~~~~~~
arm-none-eabi-g++ -o "Test_PWM_Generation.elf" @"objects.list"   -mcpu=cortex-m4 -T"C:\Users\PanTalir\Documents\GitHub\Programming\STM32Cube\Test_PWM_Generation\STM32F411CEUX_FLASH.ld" --specs=nosys.specs -Wl,-Map="Test_PWM_Generation.map" -Wl,--gc-sections -static --specs=nano.specs -mfpu=fpv4-sp-d16 -mfloat-abi=hard -mthumb -Wl,--start-group -lc -lm -lstdc++ -lsupc++ -Wl,--end-group
Finished building target: Test_PWM_Generation.elf
 
arm-none-eabi-size  Test_PWM_Generation.elf 
arm-none-eabi-objdump -h -S Test_PWM_Generation.elf  > "Test_PWM_Generation.list"
   text	   data	    bss	    dec	    hex	filename
  14636	     92	   2060	  16788	   4194	Test_PWM_Generation.elf
Finished building: default.size.stdout
 
Finished building: Test_PWM_Generation.list
 
15:22:01 **** Incremental Build of configuration Debug for project Test_PWM_Generation ****
make -j4 all 
arm-none-eabi-size  Test_PWM_Generation.elf 
   text	   data	    bss	    dec	    hex	filename
  14636	     92	   2060	  16788	   4194	Test_PWM_Generation.elf
Finished building: default.size.stdout
 
15:22:34 **** Incremental Build of configuration Debug for project Test_PWM_Generation ****
make -j4 all 
arm-none-eabi-size  Test_PWM_Generation.elf 
   text	   data	    bss	    dec	    hex	filename
  14636	     92	   2060	  16788	   4194	Test_PWM_Generation.elf
Finished building: default.size.stdout
 
15:23:03 **** Incremental Build of configuration Debug for project 22_UART ****
make -j4 all 
arm-none-eabi-size  22_UART.elf 
   text	   data	    bss	    dec	    hex	filename
   6576	     12	   1652	   8240	   2030	22_UART.elf
Finished building: default.size.stdout
 
15:23:12 **** Incremental Build of configuration Debug for project 22_UART ****
make -j4 all 
arm-none-eabi-size  22_UART.elf 
   text	   data	    bss	    dec	    hex	filename
   6576	     12	   1652	   8240	   2030	22_UART.elf
Finished building: default.size.stdout
 
15:23:47 **** Incremental Build of configuration Debug for project 22_UART ****
make -j4 all 
arm-none-eabi-size  22_UART.elf 
   text	   data	    bss	    dec	    hex	filename
   6576	     12	   1652	   8240	   2030	22_UART.elf
Finished building: default.size.stdout
 
15:25:53 **** Incremental Build of configuration Debug for project Test_PWM_Generation ****
make -j4 all 
arm-none-eabi-gcc "../Core/Src/main.c" -mcpu=cortex-m4 -std=gnu11 -g3 -DDEBUG -DUSE_HAL_DRIVER -DSTM32F411xE -c -I../Core/Inc -I../Drivers/STM32F4xx_HAL_Driver/Inc -I../Drivers/STM32F4xx_HAL_Driver/Inc/Legacy -I../Drivers/CMSIS/Device/ST/STM32F4xx/Include -I../Drivers/CMSIS/Include -O0 -ffunction-sections -fdata-sections -Wall -fstack-usage -fcyclomatic-complexity -MMD -MP -MF"Core/Src/main.d" -MT"Core/Src/main.o" --specs=nano.specs -mfpu=fpv4-sp-d16 -mfloat-abi=hard -mthumb -o "Core/Src/main.o"
../Core/Src/main.c: In function 'main':
../Core/Src/main.c:124:11: warning: implicit declaration of function 'sprintf' [-Wimplicit-function-declaration]
  124 |           sprintf(UART1_txBuffer,"Hello World!\n\r", CH1_DC);
      |           ^~~~~~~
../Core/Src/main.c:21:1: note: include '<stdio.h>' or provide a declaration of 'sprintf'
   20 | #include "main.h"
  +++ |+#include <stdio.h>
   21 | 
../Core/Src/main.c:124:11: warning: incompatible implicit declaration of built-in function 'sprintf' [-Wbuiltin-declaration-mismatch]
  124 |           sprintf(UART1_txBuffer,"Hello World!\n\r", CH1_DC);
      |           ^~~~~~~
../Core/Src/main.c:124:11: note: include '<stdio.h>' or provide a declaration of 'sprintf'
../Core/Src/main.c:124:19: warning: pointer targets in passing argument 1 of 'sprintf' differ in signedness [-Wpointer-sign]
  124 |           sprintf(UART1_txBuffer,"Hello World!\n\r", CH1_DC);
      |                   ^~~~~~~~~~~~~~
      |                   |
      |                   uint8_t * {aka unsigned char *}
../Core/Src/main.c:124:19: note: expected 'char *' but argument is of type 'uint8_t *' {aka 'unsigned char *'}
../Core/Src/main.c:124:34: warning: too many arguments for format [-Wformat-extra-args]
  124 |           sprintf(UART1_txBuffer,"Hello World!\n\r", CH1_DC);
      |                                  ^~~~~~~~~~~~~~~~~~
../Core/Src/main.c:124:47: warning: 'Hello World!

' directive writing 14 bytes into a region of size 12 [-Wformat-overflow=]
  124 |           sprintf(UART1_txBuffer,"Hello World!\n\r", CH1_DC);
      |                                   ~~~~~~~~~~~~^~~~
../Core/Src/main.c:124:11: note: 'sprintf' output 15 bytes into a destination of size 12
  124 |           sprintf(UART1_txBuffer,"Hello World!\n\r", CH1_DC);
      |           ^~~~~~~~~~~~~~~~~~~~~~~~~~~~~~~~~~~~~~~~~~~~~~~~~~
arm-none-eabi-g++ -o "Test_PWM_Generation.elf" @"objects.list"   -mcpu=cortex-m4 -T"C:\Users\PanTalir\Documents\GitHub\Programming\STM32Cube\Test_PWM_Generation\STM32F411CEUX_FLASH.ld" --specs=nosys.specs -Wl,-Map="Test_PWM_Generation.map" -Wl,--gc-sections -static --specs=nano.specs -mfpu=fpv4-sp-d16 -mfloat-abi=hard -mthumb -Wl,--start-group -lc -lm -lstdc++ -lsupc++ -Wl,--end-group
Finished building target: Test_PWM_Generation.elf
 
arm-none-eabi-size  Test_PWM_Generation.elf 
arm-none-eabi-objdump -h -S Test_PWM_Generation.elf  > "Test_PWM_Generation.list"
   text	   data	    bss	    dec	    hex	filename
  14640	     92	   2060	  16792	   4198	Test_PWM_Generation.elf
Finished building: default.size.stdout
 
Finished building: Test_PWM_Generation.list
 
15:27:57 **** Incremental Build of configuration Debug for project Test_PWM_Generation ****
make -j4 all 
arm-none-eabi-gcc "../Core/Src/main.c" -mcpu=cortex-m4 -std=gnu11 -g3 -DDEBUG -DUSE_HAL_DRIVER -DSTM32F411xE -c -I../Core/Inc -I../Drivers/STM32F4xx_HAL_Driver/Inc -I../Drivers/STM32F4xx_HAL_Driver/Inc/Legacy -I../Drivers/CMSIS/Device/ST/STM32F4xx/Include -I../Drivers/CMSIS/Include -O0 -ffunction-sections -fdata-sections -Wall -fstack-usage -fcyclomatic-complexity -MMD -MP -MF"Core/Src/main.d" -MT"Core/Src/main.o" --specs=nano.specs -mfpu=fpv4-sp-d16 -mfloat-abi=hard -mthumb -o "Core/Src/main.o"
../Core/Src/main.c: In function 'main':
../Core/Src/main.c:124:11: warning: implicit declaration of function 'sprintf' [-Wimplicit-function-declaration]
  124 |           sprintf(UART1_txBuffer,"Hello World!\n\r", CH1_DC);
      |           ^~~~~~~
../Core/Src/main.c:21:1: note: include '<stdio.h>' or provide a declaration of 'sprintf'
   20 | #include "main.h"
  +++ |+#include <stdio.h>
   21 | 
../Core/Src/main.c:124:11: warning: incompatible implicit declaration of built-in function 'sprintf' [-Wbuiltin-declaration-mismatch]
  124 |           sprintf(UART1_txBuffer,"Hello World!\n\r", CH1_DC);
      |           ^~~~~~~
../Core/Src/main.c:124:11: note: include '<stdio.h>' or provide a declaration of 'sprintf'
../Core/Src/main.c:124:19: warning: pointer targets in passing argument 1 of 'sprintf' differ in signedness [-Wpointer-sign]
  124 |           sprintf(UART1_txBuffer,"Hello World!\n\r", CH1_DC);
      |                   ^~~~~~~~~~~~~~
      |                   |
      |                   uint8_t * {aka unsigned char *}
../Core/Src/main.c:124:19: note: expected 'char *' but argument is of type 'uint8_t *' {aka 'unsigned char *'}
../Core/Src/main.c:124:34: warning: too many arguments for format [-Wformat-extra-args]
  124 |           sprintf(UART1_txBuffer,"Hello World!\n\r", CH1_DC);
      |                                  ^~~~~~~~~~~~~~~~~~
../Core/Src/main.c:124:47: warning: 'Hello World!

' directive writing 14 bytes into a region of size 12 [-Wformat-overflow=]
  124 |           sprintf(UART1_txBuffer,"Hello World!\n\r", CH1_DC);
      |                                   ~~~~~~~~~~~~^~~~
../Core/Src/main.c:124:11: note: 'sprintf' output 15 bytes into a destination of size 12
  124 |           sprintf(UART1_txBuffer,"Hello World!\n\r", CH1_DC);
      |           ^~~~~~~~~~~~~~~~~~~~~~~~~~~~~~~~~~~~~~~~~~~~~~~~~~
arm-none-eabi-g++ -o "Test_PWM_Generation.elf" @"objects.list"   -mcpu=cortex-m4 -T"C:\Users\PanTalir\Documents\GitHub\Programming\STM32Cube\Test_PWM_Generation\STM32F411CEUX_FLASH.ld" --specs=nosys.specs -Wl,-Map="Test_PWM_Generation.map" -Wl,--gc-sections -static --specs=nano.specs -mfpu=fpv4-sp-d16 -mfloat-abi=hard -mthumb -Wl,--start-group -lc -lm -lstdc++ -lsupc++ -Wl,--end-group
Finished building target: Test_PWM_Generation.elf
 
arm-none-eabi-size  Test_PWM_Generation.elf 
arm-none-eabi-objdump -h -S Test_PWM_Generation.elf  > "Test_PWM_Generation.list"
   text	   data	    bss	    dec	    hex	filename
  14636	     92	   2060	  16788	   4194	Test_PWM_Generation.elf
Finished building: default.size.stdout
 
Finished building: Test_PWM_Generation.list
 
15:29:34 **** Incremental Build of configuration Debug for project 22_UART ****
make -j4 all 
arm-none-eabi-gcc "../Core/Src/main.c" -mcpu=cortex-m3 -std=gnu11 -g3 -DDEBUG -DUSE_HAL_DRIVER -DSTM32F103xB -c -I../Core/Inc -I../Drivers/STM32F1xx_HAL_Driver/Inc -I../Drivers/STM32F1xx_HAL_Driver/Inc/Legacy -I../Drivers/CMSIS/Device/ST/STM32F1xx/Include -I../Drivers/CMSIS/Include -O0 -ffunction-sections -fdata-sections -Wall -fstack-usage -fcyclomatic-complexity -MMD -MP -MF"Core/Src/main.d" -MT"Core/Src/main.o" --specs=nano.specs -mfloat-abi=soft -mthumb -o "Core/Src/main.o"
../Core/Src/main.c: In function 'main':
../Core/Src/main.c:96:30: warning: pointer targets in passing argument 2 of 'HAL_UART_Transmit' differ in signedness [-Wpointer-sign]
   96 |   HAL_UART_Transmit(&huart2, "Start of transmittion", sizeof("Start of transmittion"), 100);
      |                              ^~~~~~~~~~~~~~~~~~~~~~~
      |                              |
      |                              char *
In file included from ../Core/Inc/stm32f1xx_hal_conf.h:338,
                 from ../Drivers/STM32F1xx_HAL_Driver/Inc/stm32f1xx_hal.h:29,
                 from ../Core/Inc/main.h:30,
                 from ../Core/Src/main.c:20:
../Drivers/STM32F1xx_HAL_Driver/Inc/stm32f1xx_hal_uart.h:749:79: note: expected 'const uint8_t *' {aka 'const unsigned char *'} but argument is of type 'char *'
  749 | HAL_StatusTypeDef HAL_UART_Transmit(UART_HandleTypeDef *huart, const uint8_t *pData, uint16_t Size, uint32_t Timeout);
      |                                                                ~~~~~~~~~~~~~~~^~~~~
arm-none-eabi-g++ -o "22_UART.elf" @"objects.list"   -mcpu=cortex-m3 -T"C:\Users\PanTalir\Documents\GitHub\Programming\STM32Cube\22_UART\STM32F103RBTX_FLASH.ld" --specs=nosys.specs -Wl,-Map="22_UART.map" -Wl,--gc-sections -static --specs=nano.specs -mfloat-abi=soft -mthumb -Wl,--start-group -lc -lm -lstdc++ -lsupc++ -Wl,--end-group
Finished building target: 22_UART.elf
 
arm-none-eabi-size  22_UART.elf 
arm-none-eabi-objdump -h -S 22_UART.elf  > "22_UART.list"
   text	   data	    bss	    dec	    hex	filename
   6652	     12	   1652	   8316	   207c	22_UART.elf
Finished building: default.size.stdout
 
Finished building: 22_UART.list
 
16:06:17 **** Build of configuration Debug for project 22_UART ****
make -j4 all 
arm-none-eabi-gcc "../Core/Src/main.c" -mcpu=cortex-m3 -std=gnu11 -g3 -DDEBUG -DUSE_HAL_DRIVER -DSTM32F103xB -c -I../Core/Inc -I../Drivers/STM32F1xx_HAL_Driver/Inc -I../Drivers/STM32F1xx_HAL_Driver/Inc/Legacy -I../Drivers/CMSIS/Device/ST/STM32F1xx/Include -I../Drivers/CMSIS/Include -O0 -ffunction-sections -fdata-sections -Wall -fstack-usage -fcyclomatic-complexity -MMD -MP -MF"Core/Src/main.d" -MT"Core/Src/main.o" --specs=nano.specs -mfloat-abi=soft -mthumb -o "Core/Src/main.o"
../Core/Src/main.c: In function 'main':
../Core/Src/main.c:96:30: warning: pointer targets in passing argument 2 of 'HAL_UART_Transmit' differ in signedness [-Wpointer-sign]
   96 |   HAL_UART_Transmit(&huart2, "Start of transmittion\r\n", sizeof("Start of transmittion"), 100);
      |                              ^~~~~~~~~~~~~~~~~~~~~~~~~~~
      |                              |
      |                              char *
In file included from ../Core/Inc/stm32f1xx_hal_conf.h:338,
                 from ../Drivers/STM32F1xx_HAL_Driver/Inc/stm32f1xx_hal.h:29,
                 from ../Core/Inc/main.h:30,
                 from ../Core/Src/main.c:20:
../Drivers/STM32F1xx_HAL_Driver/Inc/stm32f1xx_hal_uart.h:749:79: note: expected 'const uint8_t *' {aka 'const unsigned char *'} but argument is of type 'char *'
  749 | HAL_StatusTypeDef HAL_UART_Transmit(UART_HandleTypeDef *huart, const uint8_t *pData, uint16_t Size, uint32_t Timeout);
      |                                                                ~~~~~~~~~~~~~~~^~~~~
arm-none-eabi-g++ -o "22_UART.elf" @"objects.list"   -mcpu=cortex-m3 -T"C:\Users\PanTalir\Documents\GitHub\Programming\STM32Cube\Nucleo_64\22_UART\STM32F103RBTX_FLASH.ld" --specs=nosys.specs -Wl,-Map="22_UART.map" -Wl,--gc-sections -static --specs=nano.specs -mfloat-abi=soft -mthumb -Wl,--start-group -lc -lm -lstdc++ -lsupc++ -Wl,--end-group
Finished building target: 22_UART.elf
 
arm-none-eabi-size  22_UART.elf 
arm-none-eabi-objdump -h -S 22_UART.elf  > "22_UART.list"
   text	   data	    bss	    dec	    hex	filename
   6652	     12	   1652	   8316	   207c	22_UART.elf
Finished building: default.size.stdout
 
Finished building: 22_UART.list
 
16:16:32 **** Incremental Build of configuration Debug for project 22_UART ****
make -j4 all 
arm-none-eabi-gcc "../Core/Src/main.c" -mcpu=cortex-m3 -std=gnu11 -g3 -DDEBUG -DUSE_HAL_DRIVER -DSTM32F103xB -c -I../Core/Inc -I../Drivers/STM32F1xx_HAL_Driver/Inc -I../Drivers/STM32F1xx_HAL_Driver/Inc/Legacy -I../Drivers/CMSIS/Device/ST/STM32F1xx/Include -I../Drivers/CMSIS/Include -O0 -ffunction-sections -fdata-sections -Wall -fstack-usage -fcyclomatic-complexity -MMD -MP -MF"Core/Src/main.d" -MT"Core/Src/main.o" --specs=nano.specs -mfloat-abi=soft -mthumb -o "Core/Src/main.o"
../Core/Src/main.c:47:38: warning: initializer-string for array of 'unsigned char' is too long
   47 |         uint8_t UART2_rxBuffer[12] = {"Start of transmission\r\n"};
      |                                      ^
arm-none-eabi-g++ -o "22_UART.elf" @"objects.list"   -mcpu=cortex-m3 -T"C:\Users\PanTalir\Documents\GitHub\Programming\STM32Cube\Nucleo_64\22_UART\STM32F103RBTX_FLASH.ld" --specs=nosys.specs -Wl,-Map="22_UART.map" -Wl,--gc-sections -static --specs=nano.specs -mfloat-abi=soft -mthumb -Wl,--start-group -lc -lm -lstdc++ -lsupc++ -Wl,--end-group
Finished building target: 22_UART.elf
 
arm-none-eabi-size  22_UART.elf 
arm-none-eabi-objdump -h -S 22_UART.elf  > "22_UART.list"
   text	   data	    bss	    dec	    hex	filename
   6624	     24	   1640	   8288	   2060	22_UART.elf
Finished building: default.size.stdout
 
Finished building: 22_UART.list
 
16:17:30 **** Incremental Build of configuration Debug for project 22_UART ****
make -j4 all 
arm-none-eabi-gcc "../Core/Src/main.c" -mcpu=cortex-m3 -std=gnu11 -g3 -DDEBUG -DUSE_HAL_DRIVER -DSTM32F103xB -c -I../Core/Inc -I../Drivers/STM32F1xx_HAL_Driver/Inc -I../Drivers/STM32F1xx_HAL_Driver/Inc/Legacy -I../Drivers/CMSIS/Device/ST/STM32F1xx/Include -I../Drivers/CMSIS/Include -O0 -ffunction-sections -fdata-sections -Wall -fstack-usage -fcyclomatic-complexity -MMD -MP -MF"Core/Src/main.d" -MT"Core/Src/main.o" --specs=nano.specs -mfloat-abi=soft -mthumb -o "Core/Src/main.o"
../Core/Src/main.c: In function 'main':
../Core/Src/main.c:96:30: warning: pointer targets in passing argument 2 of 'HAL_UART_Transmit' differ in signedness [-Wpointer-sign]
   96 |   HAL_UART_Transmit(&huart2, "Start of transmission\r\n", sizeof("Start of transmission\r\n"), 100);
      |                              ^~~~~~~~~~~~~~~~~~~~~~~~~~~
      |                              |
      |                              char *
In file included from ../Core/Inc/stm32f1xx_hal_conf.h:338,
                 from ../Drivers/STM32F1xx_HAL_Driver/Inc/stm32f1xx_hal.h:29,
                 from ../Core/Inc/main.h:30,
                 from ../Core/Src/main.c:20:
../Drivers/STM32F1xx_HAL_Driver/Inc/stm32f1xx_hal_uart.h:749:79: note: expected 'const uint8_t *' {aka 'const unsigned char *'} but argument is of type 'char *'
  749 | HAL_StatusTypeDef HAL_UART_Transmit(UART_HandleTypeDef *huart, const uint8_t *pData, uint16_t Size, uint32_t Timeout);
      |                                                                ~~~~~~~~~~~~~~~^~~~~
arm-none-eabi-g++ -o "22_UART.elf" @"objects.list"   -mcpu=cortex-m3 -T"C:\Users\PanTalir\Documents\GitHub\Programming\STM32Cube\Nucleo_64\22_UART\STM32F103RBTX_FLASH.ld" --specs=nosys.specs -Wl,-Map="22_UART.map" -Wl,--gc-sections -static --specs=nano.specs -mfloat-abi=soft -mthumb -Wl,--start-group -lc -lm -lstdc++ -lsupc++ -Wl,--end-group
Finished building target: 22_UART.elf
 
arm-none-eabi-size  22_UART.elf 
arm-none-eabi-objdump -h -S 22_UART.elf  > "22_UART.list"
   text	   data	    bss	    dec	    hex	filename
   6652	     12	   1652	   8316	   207c	22_UART.elf
Finished building: default.size.stdout
 
Finished building: 22_UART.list
 
17:06:24 **** Incremental Build of configuration Debug for project 22_UART ****
make -j4 all 
arm-none-eabi-gcc "../Core/Src/main.c" -mcpu=cortex-m3 -std=gnu11 -g3 -DDEBUG -DUSE_HAL_DRIVER -DSTM32F103xB -c -I../Core/Inc -I../Drivers/STM32F1xx_HAL_Driver/Inc -I../Drivers/STM32F1xx_HAL_Driver/Inc/Legacy -I../Drivers/CMSIS/Device/ST/STM32F1xx/Include -I../Drivers/CMSIS/Include -O0 -ffunction-sections -fdata-sections -Wall -fstack-usage -fcyclomatic-complexity -MMD -MP -MF"Core/Src/main.d" -MT"Core/Src/main.o" --specs=nano.specs -mfloat-abi=soft -mthumb -o "Core/Src/main.o"
../Core/Src/main.c: In function 'main':
../Core/Src/main.c:96:30: warning: pointer targets in passing argument 2 of 'HAL_UART_Transmit' differ in signedness [-Wpointer-sign]
   96 |   HAL_UART_Transmit(&huart2, "Start of transmission\r\n", sizeof("Start of transmission\r\n"), 100);
      |                              ^~~~~~~~~~~~~~~~~~~~~~~~~~~
      |                              |
      |                              char *
In file included from ../Core/Inc/stm32f1xx_hal_conf.h:338,
                 from ../Drivers/STM32F1xx_HAL_Driver/Inc/stm32f1xx_hal.h:29,
                 from ../Core/Inc/main.h:30,
                 from ../Core/Src/main.c:20:
../Drivers/STM32F1xx_HAL_Driver/Inc/stm32f1xx_hal_uart.h:749:79: note: expected 'const uint8_t *' {aka 'const unsigned char *'} but argument is of type 'char *'
  749 | HAL_StatusTypeDef HAL_UART_Transmit(UART_HandleTypeDef *huart, const uint8_t *pData, uint16_t Size, uint32_t Timeout);
      |                                                                ~~~~~~~~~~~~~~~^~~~~
arm-none-eabi-g++ -o "22_UART.elf" @"objects.list"   -mcpu=cortex-m3 -T"C:\Users\PanTalir\Documents\GitHub\Programming\STM32Cube\Nucleo_64\22_UART\STM32F103RBTX_FLASH.ld" --specs=nosys.specs -Wl,-Map="22_UART.map" -Wl,--gc-sections -static --specs=nano.specs -mfloat-abi=soft -mthumb -Wl,--start-group -lc -lm -lstdc++ -lsupc++ -Wl,--end-group
Finished building target: 22_UART.elf
 
arm-none-eabi-size  22_UART.elf 
arm-none-eabi-objdump -h -S 22_UART.elf  > "22_UART.list"
   text	   data	    bss	    dec	    hex	filename
   6652	     12	   1652	   8316	   207c	22_UART.elf
Finished building: default.size.stdout
 
Finished building: 22_UART.list
 
17:07:10 **** Incremental Build of configuration Debug for project 22_UART ****
make -j4 all 
arm-none-eabi-gcc "../Core/Src/main.c" -mcpu=cortex-m3 -std=gnu11 -g3 -DDEBUG -DUSE_HAL_DRIVER -DSTM32F103xB -c -I../Core/Inc -I../Drivers/STM32F1xx_HAL_Driver/Inc -I../Drivers/STM32F1xx_HAL_Driver/Inc/Legacy -I../Drivers/CMSIS/Device/ST/STM32F1xx/Include -I../Drivers/CMSIS/Include -O0 -ffunction-sections -fdata-sections -Wall -fstack-usage -fcyclomatic-complexity -MMD -MP -MF"Core/Src/main.d" -MT"Core/Src/main.o" --specs=nano.specs -mfloat-abi=soft -mthumb -o "Core/Src/main.o"
../Core/Src/main.c: In function 'main':
../Core/Src/main.c:96:30: warning: pointer targets in passing argument 2 of 'HAL_UART_Transmit' differ in signedness [-Wpointer-sign]
   96 |   HAL_UART_Transmit(&huart2, "Start of transmission\r\n", sizeof("Start of transmission\r\n"), 100);
      |                              ^~~~~~~~~~~~~~~~~~~~~~~~~~~
      |                              |
      |                              char *
In file included from ../Core/Inc/stm32f1xx_hal_conf.h:338,
                 from ../Drivers/STM32F1xx_HAL_Driver/Inc/stm32f1xx_hal.h:29,
                 from ../Core/Inc/main.h:30,
                 from ../Core/Src/main.c:20:
../Drivers/STM32F1xx_HAL_Driver/Inc/stm32f1xx_hal_uart.h:749:79: note: expected 'const uint8_t *' {aka 'const unsigned char *'} but argument is of type 'char *'
  749 | HAL_StatusTypeDef HAL_UART_Transmit(UART_HandleTypeDef *huart, const uint8_t *pData, uint16_t Size, uint32_t Timeout);
      |                                                                ~~~~~~~~~~~~~~~^~~~~
../Core/Src/main.c:107:77: error: invalid suffix "HELLO" on integer constant
  107 |           HAL_UART_Receive(&huart2, UART2_rxBuffer, sizeof(UART2_rxBuffer), 1HELLO HOW ARE YOU 000);
      |                                                                             ^~~~~~
../Core/Src/main.c:107:83: error: expected ')' before 'HOW'
  107 |           HAL_UART_Receive(&huart2, UART2_rxBuffer, sizeof(UART2_rxBuffer), 1HELLO HOW ARE YOU 000);
      |                           ~                                                       ^~~~
      |                                                                                   )
make: *** [Core/Src/subdir.mk:34: Core/Src/main.o] Error 1
"make -j4 all" terminated with exit code 2. Build might be incomplete.
17:07:21 **** Incremental Build of configuration Debug for project 22_UART ****
make -j4 all 
arm-none-eabi-gcc "../Core/Src/main.c" -mcpu=cortex-m3 -std=gnu11 -g3 -DDEBUG -DUSE_HAL_DRIVER -DSTM32F103xB -c -I../Core/Inc -I../Drivers/STM32F1xx_HAL_Driver/Inc -I../Drivers/STM32F1xx_HAL_Driver/Inc/Legacy -I../Drivers/CMSIS/Device/ST/STM32F1xx/Include -I../Drivers/CMSIS/Include -O0 -ffunction-sections -fdata-sections -Wall -fstack-usage -fcyclomatic-complexity -MMD -MP -MF"Core/Src/main.d" -MT"Core/Src/main.o" --specs=nano.specs -mfloat-abi=soft -mthumb -o "Core/Src/main.o"
../Core/Src/main.c: In function 'main':
../Core/Src/main.c:96:30: warning: pointer targets in passing argument 2 of 'HAL_UART_Transmit' differ in signedness [-Wpointer-sign]
   96 |   HAL_UART_Transmit(&huart2, "Start of transmission\r\n", sizeof("Start of transmission\r\n"), 100);
      |                              ^~~~~~~~~~~~~~~~~~~~~~~~~~~
      |                              |
      |                              char *
In file included from ../Core/Inc/stm32f1xx_hal_conf.h:338,
                 from ../Drivers/STM32F1xx_HAL_Driver/Inc/stm32f1xx_hal.h:29,
                 from ../Core/Inc/main.h:30,
                 from ../Core/Src/main.c:20:
../Drivers/STM32F1xx_HAL_Driver/Inc/stm32f1xx_hal_uart.h:749:79: note: expected 'const uint8_t *' {aka 'const unsigned char *'} but argument is of type 'char *'
  749 | HAL_StatusTypeDef HAL_UART_Transmit(UART_HandleTypeDef *huart, const uint8_t *pData, uint16_t Size, uint32_t Timeout);
      |                                                                ~~~~~~~~~~~~~~~^~~~~
../Core/Src/main.c:107:77: error: invalid suffix "HELLO" on integer constant
  107 |           HAL_UART_Receive(&huart2, UART2_rxBuffer, sizeof(UART2_rxBuffer), 1HELLO HOW ARE YOU 000);
      |                                                                             ^~~~~~
../Core/Src/main.c:107:83: error: expected ')' before 'HOW'
  107 |           HAL_UART_Receive(&huart2, UART2_rxBuffer, sizeof(UART2_rxBuffer), 1HELLO HOW ARE YOU 000);
      |                           ~                                                       ^~~~
      |                                                                                   )
make: *** [Core/Src/subdir.mk:34: Core/Src/main.o] Error 1
"make -j4 all" terminated with exit code 2. Build might be incomplete.
17:07:34 **** Incremental Build of configuration Debug for project 22_UART ****
make -j4 all 
arm-none-eabi-gcc "../Core/Src/main.c" -mcpu=cortex-m3 -std=gnu11 -g3 -DDEBUG -DUSE_HAL_DRIVER -DSTM32F103xB -c -I../Core/Inc -I../Drivers/STM32F1xx_HAL_Driver/Inc -I../Drivers/STM32F1xx_HAL_Driver/Inc/Legacy -I../Drivers/CMSIS/Device/ST/STM32F1xx/Include -I../Drivers/CMSIS/Include -O0 -ffunction-sections -fdata-sections -Wall -fstack-usage -fcyclomatic-complexity -MMD -MP -MF"Core/Src/main.d" -MT"Core/Src/main.o" --specs=nano.specs -mfloat-abi=soft -mthumb -o "Core/Src/main.o"
../Core/Src/main.c: In function 'main':
../Core/Src/main.c:96:30: warning: pointer targets in passing argument 2 of 'HAL_UART_Transmit' differ in signedness [-Wpointer-sign]
   96 |   HAL_UART_Transmit(&huart2, "Start of transmission\r\n", sizeof("Start of transmission\r\n"), 100);
      |                              ^~~~~~~~~~~~~~~~~~~~~~~~~~~
      |                              |
      |                              char *
In file included from ../Core/Inc/stm32f1xx_hal_conf.h:338,
                 from ../Drivers/STM32F1xx_HAL_Driver/Inc/stm32f1xx_hal.h:29,
                 from ../Core/Inc/main.h:30,
                 from ../Core/Src/main.c:20:
../Drivers/STM32F1xx_HAL_Driver/Inc/stm32f1xx_hal_uart.h:749:79: note: expected 'const uint8_t *' {aka 'const unsigned char *'} but argument is of type 'char *'
  749 | HAL_StatusTypeDef HAL_UART_Transmit(UART_HandleTypeDef *huart, const uint8_t *pData, uint16_t Size, uint32_t Timeout);
      |                                                                ~~~~~~~~~~~~~~~^~~~~
arm-none-eabi-g++ -o "22_UART.elf" @"objects.list"   -mcpu=cortex-m3 -T"C:\Users\PanTalir\Documents\GitHub\Programming\STM32Cube\Nucleo_64\22_UART\STM32F103RBTX_FLASH.ld" --specs=nosys.specs -Wl,-Map="22_UART.map" -Wl,--gc-sections -static --specs=nano.specs -mfloat-abi=soft -mthumb -Wl,--start-group -lc -lm -lstdc++ -lsupc++ -Wl,--end-group
Finished building target: 22_UART.elf
 
arm-none-eabi-size  22_UART.elf 
arm-none-eabi-objdump -h -S 22_UART.elf  > "22_UART.list"
   text	   data	    bss	    dec	    hex	filename
   6652	     12	   1660	   8324	   2084	22_UART.elf
Finished building: default.size.stdout
 
Finished building: 22_UART.list
 
